Copyright 1986-2020 Xilinx, Inc. All Rights Reserved.
--------------------------------------------------------------------------------------------------------------------------------------------------------------------------
| Tool Version : Vivado v.2020.1 (win64) Build 2902540 Wed May 27 19:54:49 MDT 2020
| Date         : Sun Oct 10 15:42:11 2021
| Host         : LAPTOP-UB7273AV running 64-bit major release  (build 9200)
| Command      : report_methodology -file LED_with_RAM_methodology_drc_routed.rpt -pb LED_with_RAM_methodology_drc_routed.pb -rpx LED_with_RAM_methodology_drc_routed.rpx
| Design       : LED_with_RAM
| Device       : xc7a35tcpg236-1
| Speed File   : -1
| Design State : Fully Routed
--------------------------------------------------------------------------------------------------------------------------------------------------------------------------

Report Methodology

Table of Contents
-----------------
1. REPORT SUMMARY
2. REPORT DETAILS

1. REPORT SUMMARY
-----------------
            Netlist: netlist
          Floorplan: design_1
      Design limits: <entire design considered>
             Max violations: <unlimited>
             Violations found: 147
+-----------+----------+-------------------------------+------------+
| Rule      | Severity | Description                   | Violations |
+-----------+----------+-------------------------------+------------+
| TIMING-18 | Warning  | Missing input or output delay | 19         |
| TIMING-20 | Warning  | Non-clocked latch             | 128        |
+-----------+----------+-------------------------------+------------+

2. REPORT DETAILS
-----------------
TIMING-18#1 Warning
Missing input or output delay  
An input delay is missing on btn[0] relative to clock(s) sys_clk_pin
Related violations: <none>

TIMING-18#2 Warning
Missing input or output delay  
An input delay is missing on btn[1] relative to clock(s) sys_clk_pin
Related violations: <none>

TIMING-18#3 Warning
Missing input or output delay  
An input delay is missing on btn[2] relative to clock(s) sys_clk_pin
Related violations: <none>

TIMING-18#4 Warning
Missing input or output delay  
An input delay is missing on swtch[0] relative to clock(s) sys_clk_pin
Related violations: <none>

TIMING-18#5 Warning
Missing input or output delay  
An input delay is missing on swtch[1] relative to clock(s) sys_clk_pin
Related violations: <none>

TIMING-18#6 Warning
Missing input or output delay  
An input delay is missing on swtch[2] relative to clock(s) sys_clk_pin
Related violations: <none>

TIMING-18#7 Warning
Missing input or output delay  
An input delay is missing on swtch[3] relative to clock(s) sys_clk_pin
Related violations: <none>

TIMING-18#8 Warning
Missing input or output delay  
An input delay is missing on swtch[4] relative to clock(s) sys_clk_pin
Related violations: <none>

TIMING-18#9 Warning
Missing input or output delay  
An input delay is missing on swtch[5] relative to clock(s) sys_clk_pin
Related violations: <none>

TIMING-18#10 Warning
Missing input or output delay  
An input delay is missing on swtch[6] relative to clock(s) sys_clk_pin
Related violations: <none>

TIMING-18#11 Warning
Missing input or output delay  
An input delay is missing on swtch[7] relative to clock(s) sys_clk_pin
Related violations: <none>

TIMING-18#12 Warning
Missing input or output delay  
An output delay is missing on LED[0] relative to clock(s) sys_clk_pin
Related violations: <none>

TIMING-18#13 Warning
Missing input or output delay  
An output delay is missing on LED[1] relative to clock(s) sys_clk_pin
Related violations: <none>

TIMING-18#14 Warning
Missing input or output delay  
An output delay is missing on LED[2] relative to clock(s) sys_clk_pin
Related violations: <none>

TIMING-18#15 Warning
Missing input or output delay  
An output delay is missing on LED[3] relative to clock(s) sys_clk_pin
Related violations: <none>

TIMING-18#16 Warning
Missing input or output delay  
An output delay is missing on LED[4] relative to clock(s) sys_clk_pin
Related violations: <none>

TIMING-18#17 Warning
Missing input or output delay  
An output delay is missing on LED[5] relative to clock(s) sys_clk_pin
Related violations: <none>

TIMING-18#18 Warning
Missing input or output delay  
An output delay is missing on LED[6] relative to clock(s) sys_clk_pin
Related violations: <none>

TIMING-18#19 Warning
Missing input or output delay  
An output delay is missing on LED[7] relative to clock(s) sys_clk_pin
Related violations: <none>

TIMING-20#1 Warning
Non-clocked latch  
The latch RAM_reg[0][0] cannot be properly analyzed as its control pin RAM_reg[0][0]/G is not reached by a timing clock
Related violations: <none>

TIMING-20#2 Warning
Non-clocked latch  
The latch RAM_reg[0][1] cannot be properly analyzed as its control pin RAM_reg[0][1]/G is not reached by a timing clock
Related violations: <none>

TIMING-20#3 Warning
Non-clocked latch  
The latch RAM_reg[0][2] cannot be properly analyzed as its control pin RAM_reg[0][2]/G is not reached by a timing clock
Related violations: <none>

TIMING-20#4 Warning
Non-clocked latch  
The latch RAM_reg[0][3] cannot be properly analyzed as its control pin RAM_reg[0][3]/G is not reached by a timing clock
Related violations: <none>

TIMING-20#5 Warning
Non-clocked latch  
The latch RAM_reg[0][4] cannot be properly analyzed as its control pin RAM_reg[0][4]/G is not reached by a timing clock
Related violations: <none>

TIMING-20#6 Warning
Non-clocked latch  
The latch RAM_reg[0][5] cannot be properly analyzed as its control pin RAM_reg[0][5]/G is not reached by a timing clock
Related violations: <none>

TIMING-20#7 Warning
Non-clocked latch  
The latch RAM_reg[0][6] cannot be properly analyzed as its control pin RAM_reg[0][6]/G is not reached by a timing clock
Related violations: <none>

TIMING-20#8 Warning
Non-clocked latch  
The latch RAM_reg[0][7] cannot be properly analyzed as its control pin RAM_reg[0][7]/G is not reached by a timing clock
Related violations: <none>

TIMING-20#9 Warning
Non-clocked latch  
The latch RAM_reg[10][0] cannot be properly analyzed as its control pin RAM_reg[10][0]/G is not reached by a timing clock
Related violations: <none>

TIMING-20#10 Warning
Non-clocked latch  
The latch RAM_reg[10][1] cannot be properly analyzed as its control pin RAM_reg[10][1]/G is not reached by a timing clock
Related violations: <none>

TIMING-20#11 Warning
Non-clocked latch  
The latch RAM_reg[10][2] cannot be properly analyzed as its control pin RAM_reg[10][2]/G is not reached by a timing clock
Related violations: <none>

TIMING-20#12 Warning
Non-clocked latch  
The latch RAM_reg[10][3] cannot be properly analyzed as its control pin RAM_reg[10][3]/G is not reached by a timing clock
Related violations: <none>

TIMING-20#13 Warning
Non-clocked latch  
The latch RAM_reg[10][4] cannot be properly analyzed as its control pin RAM_reg[10][4]/G is not reached by a timing clock
Related violations: <none>

TIMING-20#14 Warning
Non-clocked latch  
The latch RAM_reg[10][5] cannot be properly analyzed as its control pin RAM_reg[10][5]/G is not reached by a timing clock
Related violations: <none>

TIMING-20#15 Warning
Non-clocked latch  
The latch RAM_reg[10][6] cannot be properly analyzed as its control pin RAM_reg[10][6]/G is not reached by a timing clock
Related violations: <none>

TIMING-20#16 Warning
Non-clocked latch  
The latch RAM_reg[10][7] cannot be properly analyzed as its control pin RAM_reg[10][7]/G is not reached by a timing clock
Related violations: <none>

TIMING-20#17 Warning
Non-clocked latch  
The latch RAM_reg[11][0] cannot be properly analyzed as its control pin RAM_reg[11][0]/G is not reached by a timing clock
Related violations: <none>

TIMING-20#18 Warning
Non-clocked latch  
The latch RAM_reg[11][1] cannot be properly analyzed as its control pin RAM_reg[11][1]/G is not reached by a timing clock
Related violations: <none>

TIMING-20#19 Warning
Non-clocked latch  
The latch RAM_reg[11][2] cannot be properly analyzed as its control pin RAM_reg[11][2]/G is not reached by a timing clock
Related violations: <none>

TIMING-20#20 Warning
Non-clocked latch  
The latch RAM_reg[11][3] cannot be properly analyzed as its control pin RAM_reg[11][3]/G is not reached by a timing clock
Related violations: <none>

TIMING-20#21 Warning
Non-clocked latch  
The latch RAM_reg[11][4] cannot be properly analyzed as its control pin RAM_reg[11][4]/G is not reached by a timing clock
Related violations: <none>

TIMING-20#22 Warning
Non-clocked latch  
The latch RAM_reg[11][5] cannot be properly analyzed as its control pin RAM_reg[11][5]/G is not reached by a timing clock
Related violations: <none>

TIMING-20#23 Warning
Non-clocked latch  
The latch RAM_reg[11][6] cannot be properly analyzed as its control pin RAM_reg[11][6]/G is not reached by a timing clock
Related violations: <none>

TIMING-20#24 Warning
Non-clocked latch  
The latch RAM_reg[11][7] cannot be properly analyzed as its control pin RAM_reg[11][7]/G is not reached by a timing clock
Related violations: <none>

TIMING-20#25 Warning
Non-clocked latch  
The latch RAM_reg[12][0] cannot be properly analyzed as its control pin RAM_reg[12][0]/G is not reached by a timing clock
Related violations: <none>

TIMING-20#26 Warning
Non-clocked latch  
The latch RAM_reg[12][1] cannot be properly analyzed as its control pin RAM_reg[12][1]/G is not reached by a timing clock
Related violations: <none>

TIMING-20#27 Warning
Non-clocked latch  
The latch RAM_reg[12][2] cannot be properly analyzed as its control pin RAM_reg[12][2]/G is not reached by a timing clock
Related violations: <none>

TIMING-20#28 Warning
Non-clocked latch  
The latch RAM_reg[12][3] cannot be properly analyzed as its control pin RAM_reg[12][3]/G is not reached by a timing clock
Related violations: <none>

TIMING-20#29 Warning
Non-clocked latch  
The latch RAM_reg[12][4] cannot be properly analyzed as its control pin RAM_reg[12][4]/G is not reached by a timing clock
Related violations: <none>

TIMING-20#30 Warning
Non-clocked latch  
The latch RAM_reg[12][5] cannot be properly analyzed as its control pin RAM_reg[12][5]/G is not reached by a timing clock
Related violations: <none>

TIMING-20#31 Warning
Non-clocked latch  
The latch RAM_reg[12][6] cannot be properly analyzed as its control pin RAM_reg[12][6]/G is not reached by a timing clock
Related violations: <none>

TIMING-20#32 Warning
Non-clocked latch  
The latch RAM_reg[12][7] cannot be properly analyzed as its control pin RAM_reg[12][7]/G is not reached by a timing clock
Related violations: <none>

TIMING-20#33 Warning
Non-clocked latch  
The latch RAM_reg[13][0] cannot be properly analyzed as its control pin RAM_reg[13][0]/G is not reached by a timing clock
Related violations: <none>

TIMING-20#34 Warning
Non-clocked latch  
The latch RAM_reg[13][1] cannot be properly analyzed as its control pin RAM_reg[13][1]/G is not reached by a timing clock
Related violations: <none>

TIMING-20#35 Warning
Non-clocked latch  
The latch RAM_reg[13][2] cannot be properly analyzed as its control pin RAM_reg[13][2]/G is not reached by a timing clock
Related violations: <none>

TIMING-20#36 Warning
Non-clocked latch  
The latch RAM_reg[13][3] cannot be properly analyzed as its control pin RAM_reg[13][3]/G is not reached by a timing clock
Related violations: <none>

TIMING-20#37 Warning
Non-clocked latch  
The latch RAM_reg[13][4] cannot be properly analyzed as its control pin RAM_reg[13][4]/G is not reached by a timing clock
Related violations: <none>

TIMING-20#38 Warning
Non-clocked latch  
The latch RAM_reg[13][5] cannot be properly analyzed as its control pin RAM_reg[13][5]/G is not reached by a timing clock
Related violations: <none>

TIMING-20#39 Warning
Non-clocked latch  
The latch RAM_reg[13][6] cannot be properly analyzed as its control pin RAM_reg[13][6]/G is not reached by a timing clock
Related violations: <none>

TIMING-20#40 Warning
Non-clocked latch  
The latch RAM_reg[13][7] cannot be properly analyzed as its control pin RAM_reg[13][7]/G is not reached by a timing clock
Related violations: <none>

TIMING-20#41 Warning
Non-clocked latch  
The latch RAM_reg[14][0] cannot be properly analyzed as its control pin RAM_reg[14][0]/G is not reached by a timing clock
Related violations: <none>

TIMING-20#42 Warning
Non-clocked latch  
The latch RAM_reg[14][1] cannot be properly analyzed as its control pin RAM_reg[14][1]/G is not reached by a timing clock
Related violations: <none>

TIMING-20#43 Warning
Non-clocked latch  
The latch RAM_reg[14][2] cannot be properly analyzed as its control pin RAM_reg[14][2]/G is not reached by a timing clock
Related violations: <none>

TIMING-20#44 Warning
Non-clocked latch  
The latch RAM_reg[14][3] cannot be properly analyzed as its control pin RAM_reg[14][3]/G is not reached by a timing clock
Related violations: <none>

TIMING-20#45 Warning
Non-clocked latch  
The latch RAM_reg[14][4] cannot be properly analyzed as its control pin RAM_reg[14][4]/G is not reached by a timing clock
Related violations: <none>

TIMING-20#46 Warning
Non-clocked latch  
The latch RAM_reg[14][5] cannot be properly analyzed as its control pin RAM_reg[14][5]/G is not reached by a timing clock
Related violations: <none>

TIMING-20#47 Warning
Non-clocked latch  
The latch RAM_reg[14][6] cannot be properly analyzed as its control pin RAM_reg[14][6]/G is not reached by a timing clock
Related violations: <none>

TIMING-20#48 Warning
Non-clocked latch  
The latch RAM_reg[14][7] cannot be properly analyzed as its control pin RAM_reg[14][7]/G is not reached by a timing clock
Related violations: <none>

TIMING-20#49 Warning
Non-clocked latch  
The latch RAM_reg[15][0] cannot be properly analyzed as its control pin RAM_reg[15][0]/G is not reached by a timing clock
Related violations: <none>

TIMING-20#50 Warning
Non-clocked latch  
The latch RAM_reg[15][1] cannot be properly analyzed as its control pin RAM_reg[15][1]/G is not reached by a timing clock
Related violations: <none>

TIMING-20#51 Warning
Non-clocked latch  
The latch RAM_reg[15][2] cannot be properly analyzed as its control pin RAM_reg[15][2]/G is not reached by a timing clock
Related violations: <none>

TIMING-20#52 Warning
Non-clocked latch  
The latch RAM_reg[15][3] cannot be properly analyzed as its control pin RAM_reg[15][3]/G is not reached by a timing clock
Related violations: <none>

TIMING-20#53 Warning
Non-clocked latch  
The latch RAM_reg[15][4] cannot be properly analyzed as its control pin RAM_reg[15][4]/G is not reached by a timing clock
Related violations: <none>

TIMING-20#54 Warning
Non-clocked latch  
The latch RAM_reg[15][5] cannot be properly analyzed as its control pin RAM_reg[15][5]/G is not reached by a timing clock
Related violations: <none>

TIMING-20#55 Warning
Non-clocked latch  
The latch RAM_reg[15][6] cannot be properly analyzed as its control pin RAM_reg[15][6]/G is not reached by a timing clock
Related violations: <none>

TIMING-20#56 Warning
Non-clocked latch  
The latch RAM_reg[15][7] cannot be properly analyzed as its control pin RAM_reg[15][7]/G is not reached by a timing clock
Related violations: <none>

TIMING-20#57 Warning
Non-clocked latch  
The latch RAM_reg[1][0] cannot be properly analyzed as its control pin RAM_reg[1][0]/G is not reached by a timing clock
Related violations: <none>

TIMING-20#58 Warning
Non-clocked latch  
The latch RAM_reg[1][1] cannot be properly analyzed as its control pin RAM_reg[1][1]/G is not reached by a timing clock
Related violations: <none>

TIMING-20#59 Warning
Non-clocked latch  
The latch RAM_reg[1][2] cannot be properly analyzed as its control pin RAM_reg[1][2]/G is not reached by a timing clock
Related violations: <none>

TIMING-20#60 Warning
Non-clocked latch  
The latch RAM_reg[1][3] cannot be properly analyzed as its control pin RAM_reg[1][3]/G is not reached by a timing clock
Related violations: <none>

TIMING-20#61 Warning
Non-clocked latch  
The latch RAM_reg[1][4] cannot be properly analyzed as its control pin RAM_reg[1][4]/G is not reached by a timing clock
Related violations: <none>

TIMING-20#62 Warning
Non-clocked latch  
The latch RAM_reg[1][5] cannot be properly analyzed as its control pin RAM_reg[1][5]/G is not reached by a timing clock
Related violations: <none>

TIMING-20#63 Warning
Non-clocked latch  
The latch RAM_reg[1][6] cannot be properly analyzed as its control pin RAM_reg[1][6]/G is not reached by a timing clock
Related violations: <none>

TIMING-20#64 Warning
Non-clocked latch  
The latch RAM_reg[1][7] cannot be properly analyzed as its control pin RAM_reg[1][7]/G is not reached by a timing clock
Related violations: <none>

TIMING-20#65 Warning
Non-clocked latch  
The latch RAM_reg[2][0] cannot be properly analyzed as its control pin RAM_reg[2][0]/G is not reached by a timing clock
Related violations: <none>

TIMING-20#66 Warning
Non-clocked latch  
The latch RAM_reg[2][1] cannot be properly analyzed as its control pin RAM_reg[2][1]/G is not reached by a timing clock
Related violations: <none>

TIMING-20#67 Warning
Non-clocked latch  
The latch RAM_reg[2][2] cannot be properly analyzed as its control pin RAM_reg[2][2]/G is not reached by a timing clock
Related violations: <none>

TIMING-20#68 Warning
Non-clocked latch  
The latch RAM_reg[2][3] cannot be properly analyzed as its control pin RAM_reg[2][3]/G is not reached by a timing clock
Related violations: <none>

TIMING-20#69 Warning
Non-clocked latch  
The latch RAM_reg[2][4] cannot be properly analyzed as its control pin RAM_reg[2][4]/G is not reached by a timing clock
Related violations: <none>

TIMING-20#70 Warning
Non-clocked latch  
The latch RAM_reg[2][5] cannot be properly analyzed as its control pin RAM_reg[2][5]/G is not reached by a timing clock
Related violations: <none>

TIMING-20#71 Warning
Non-clocked latch  
The latch RAM_reg[2][6] cannot be properly analyzed as its control pin RAM_reg[2][6]/G is not reached by a timing clock
Related violations: <none>

TIMING-20#72 Warning
Non-clocked latch  
The latch RAM_reg[2][7] cannot be properly analyzed as its control pin RAM_reg[2][7]/G is not reached by a timing clock
Related violations: <none>

TIMING-20#73 Warning
Non-clocked latch  
The latch RAM_reg[3][0] cannot be properly analyzed as its control pin RAM_reg[3][0]/G is not reached by a timing clock
Related violations: <none>

TIMING-20#74 Warning
Non-clocked latch  
The latch RAM_reg[3][1] cannot be properly analyzed as its control pin RAM_reg[3][1]/G is not reached by a timing clock
Related violations: <none>

TIMING-20#75 Warning
Non-clocked latch  
The latch RAM_reg[3][2] cannot be properly analyzed as its control pin RAM_reg[3][2]/G is not reached by a timing clock
Related violations: <none>

TIMING-20#76 Warning
Non-clocked latch  
The latch RAM_reg[3][3] cannot be properly analyzed as its control pin RAM_reg[3][3]/G is not reached by a timing clock
Related violations: <none>

TIMING-20#77 Warning
Non-clocked latch  
The latch RAM_reg[3][4] cannot be properly analyzed as its control pin RAM_reg[3][4]/G is not reached by a timing clock
Related violations: <none>

TIMING-20#78 Warning
Non-clocked latch  
The latch RAM_reg[3][5] cannot be properly analyzed as its control pin RAM_reg[3][5]/G is not reached by a timing clock
Related violations: <none>

TIMING-20#79 Warning
Non-clocked latch  
The latch RAM_reg[3][6] cannot be properly analyzed as its control pin RAM_reg[3][6]/G is not reached by a timing clock
Related violations: <none>

TIMING-20#80 Warning
Non-clocked latch  
The latch RAM_reg[3][7] cannot be properly analyzed as its control pin RAM_reg[3][7]/G is not reached by a timing clock
Related violations: <none>

TIMING-20#81 Warning
Non-clocked latch  
The latch RAM_reg[4][0] cannot be properly analyzed as its control pin RAM_reg[4][0]/G is not reached by a timing clock
Related violations: <none>

TIMING-20#82 Warning
Non-clocked latch  
The latch RAM_reg[4][1] cannot be properly analyzed as its control pin RAM_reg[4][1]/G is not reached by a timing clock
Related violations: <none>

TIMING-20#83 Warning
Non-clocked latch  
The latch RAM_reg[4][2] cannot be properly analyzed as its control pin RAM_reg[4][2]/G is not reached by a timing clock
Related violations: <none>

TIMING-20#84 Warning
Non-clocked latch  
The latch RAM_reg[4][3] cannot be properly analyzed as its control pin RAM_reg[4][3]/G is not reached by a timing clock
Related violations: <none>

TIMING-20#85 Warning
Non-clocked latch  
The latch RAM_reg[4][4] cannot be properly analyzed as its control pin RAM_reg[4][4]/G is not reached by a timing clock
Related violations: <none>

TIMING-20#86 Warning
Non-clocked latch  
The latch RAM_reg[4][5] cannot be properly analyzed as its control pin RAM_reg[4][5]/G is not reached by a timing clock
Related violations: <none>

TIMING-20#87 Warning
Non-clocked latch  
The latch RAM_reg[4][6] cannot be properly analyzed as its control pin RAM_reg[4][6]/G is not reached by a timing clock
Related violations: <none>

TIMING-20#88 Warning
Non-clocked latch  
The latch RAM_reg[4][7] cannot be properly analyzed as its control pin RAM_reg[4][7]/G is not reached by a timing clock
Related violations: <none>

TIMING-20#89 Warning
Non-clocked latch  
The latch RAM_reg[5][0] cannot be properly analyzed as its control pin RAM_reg[5][0]/G is not reached by a timing clock
Related violations: <none>

TIMING-20#90 Warning
Non-clocked latch  
The latch RAM_reg[5][1] cannot be properly analyzed as its control pin RAM_reg[5][1]/G is not reached by a timing clock
Related violations: <none>

TIMING-20#91 Warning
Non-clocked latch  
The latch RAM_reg[5][2] cannot be properly analyzed as its control pin RAM_reg[5][2]/G is not reached by a timing clock
Related violations: <none>

TIMING-20#92 Warning
Non-clocked latch  
The latch RAM_reg[5][3] cannot be properly analyzed as its control pin RAM_reg[5][3]/G is not reached by a timing clock
Related violations: <none>

TIMING-20#93 Warning
Non-clocked latch  
The latch RAM_reg[5][4] cannot be properly analyzed as its control pin RAM_reg[5][4]/G is not reached by a timing clock
Related violations: <none>

TIMING-20#94 Warning
Non-clocked latch  
The latch RAM_reg[5][5] cannot be properly analyzed as its control pin RAM_reg[5][5]/G is not reached by a timing clock
Related violations: <none>

TIMING-20#95 Warning
Non-clocked latch  
The latch RAM_reg[5][6] cannot be properly analyzed as its control pin RAM_reg[5][6]/G is not reached by a timing clock
Related violations: <none>

TIMING-20#96 Warning
Non-clocked latch  
The latch RAM_reg[5][7] cannot be properly analyzed as its control pin RAM_reg[5][7]/G is not reached by a timing clock
Related violations: <none>

TIMING-20#97 Warning
Non-clocked latch  
The latch RAM_reg[6][0] cannot be properly analyzed as its control pin RAM_reg[6][0]/G is not reached by a timing clock
Related violations: <none>

TIMING-20#98 Warning
Non-clocked latch  
The latch RAM_reg[6][1] cannot be properly analyzed as its control pin RAM_reg[6][1]/G is not reached by a timing clock
Related violations: <none>

TIMING-20#99 Warning
Non-clocked latch  
The latch RAM_reg[6][2] cannot be properly analyzed as its control pin RAM_reg[6][2]/G is not reached by a timing clock
Related violations: <none>

TIMING-20#100 Warning
Non-clocked latch  
The latch RAM_reg[6][3] cannot be properly analyzed as its control pin RAM_reg[6][3]/G is not reached by a timing clock
Related violations: <none>

TIMING-20#101 Warning
Non-clocked latch  
The latch RAM_reg[6][4] cannot be properly analyzed as its control pin RAM_reg[6][4]/G is not reached by a timing clock
Related violations: <none>

TIMING-20#102 Warning
Non-clocked latch  
The latch RAM_reg[6][5] cannot be properly analyzed as its control pin RAM_reg[6][5]/G is not reached by a timing clock
Related violations: <none>

TIMING-20#103 Warning
Non-clocked latch  
The latch RAM_reg[6][6] cannot be properly analyzed as its control pin RAM_reg[6][6]/G is not reached by a timing clock
Related violations: <none>

TIMING-20#104 Warning
Non-clocked latch  
The latch RAM_reg[6][7] cannot be properly analyzed as its control pin RAM_reg[6][7]/G is not reached by a timing clock
Related violations: <none>

TIMING-20#105 Warning
Non-clocked latch  
The latch RAM_reg[7][0] cannot be properly analyzed as its control pin RAM_reg[7][0]/G is not reached by a timing clock
Related violations: <none>

TIMING-20#106 Warning
Non-clocked latch  
The latch RAM_reg[7][1] cannot be properly analyzed as its control pin RAM_reg[7][1]/G is not reached by a timing clock
Related violations: <none>

TIMING-20#107 Warning
Non-clocked latch  
The latch RAM_reg[7][2] cannot be properly analyzed as its control pin RAM_reg[7][2]/G is not reached by a timing clock
Related violations: <none>

TIMING-20#108 Warning
Non-clocked latch  
The latch RAM_reg[7][3] cannot be properly analyzed as its control pin RAM_reg[7][3]/G is not reached by a timing clock
Related violations: <none>

TIMING-20#109 Warning
Non-clocked latch  
The latch RAM_reg[7][4] cannot be properly analyzed as its control pin RAM_reg[7][4]/G is not reached by a timing clock
Related violations: <none>

TIMING-20#110 Warning
Non-clocked latch  
The latch RAM_reg[7][5] cannot be properly analyzed as its control pin RAM_reg[7][5]/G is not reached by a timing clock
Related violations: <none>

TIMING-20#111 Warning
Non-clocked latch  
The latch RAM_reg[7][6] cannot be properly analyzed as its control pin RAM_reg[7][6]/G is not reached by a timing clock
Related violations: <none>

TIMING-20#112 Warning
Non-clocked latch  
The latch RAM_reg[7][7] cannot be properly analyzed as its control pin RAM_reg[7][7]/G is not reached by a timing clock
Related violations: <none>

TIMING-20#113 Warning
Non-clocked latch  
The latch RAM_reg[8][0] cannot be properly analyzed as its control pin RAM_reg[8][0]/G is not reached by a timing clock
Related violations: <none>

TIMING-20#114 Warning
Non-clocked latch  
The latch RAM_reg[8][1] cannot be properly analyzed as its control pin RAM_reg[8][1]/G is not reached by a timing clock
Related violations: <none>

TIMING-20#115 Warning
Non-clocked latch  
The latch RAM_reg[8][2] cannot be properly analyzed as its control pin RAM_reg[8][2]/G is not reached by a timing clock
Related violations: <none>

TIMING-20#116 Warning
Non-clocked latch  
The latch RAM_reg[8][3] cannot be properly analyzed as its control pin RAM_reg[8][3]/G is not reached by a timing clock
Related violations: <none>

TIMING-20#117 Warning
Non-clocked latch  
The latch RAM_reg[8][4] cannot be properly analyzed as its control pin RAM_reg[8][4]/G is not reached by a timing clock
Related violations: <none>

TIMING-20#118 Warning
Non-clocked latch  
The latch RAM_reg[8][5] cannot be properly analyzed as its control pin RAM_reg[8][5]/G is not reached by a timing clock
Related violations: <none>

TIMING-20#119 Warning
Non-clocked latch  
The latch RAM_reg[8][6] cannot be properly analyzed as its control pin RAM_reg[8][6]/G is not reached by a timing clock
Related violations: <none>

TIMING-20#120 Warning
Non-clocked latch  
The latch RAM_reg[8][7] cannot be properly analyzed as its control pin RAM_reg[8][7]/G is not reached by a timing clock
Related violations: <none>

TIMING-20#121 Warning
Non-clocked latch  
The latch RAM_reg[9][0] cannot be properly analyzed as its control pin RAM_reg[9][0]/G is not reached by a timing clock
Related violations: <none>

TIMING-20#122 Warning
Non-clocked latch  
The latch RAM_reg[9][1] cannot be properly analyzed as its control pin RAM_reg[9][1]/G is not reached by a timing clock
Related violations: <none>

TIMING-20#123 Warning
Non-clocked latch  
The latch RAM_reg[9][2] cannot be properly analyzed as its control pin RAM_reg[9][2]/G is not reached by a timing clock
Related violations: <none>

TIMING-20#124 Warning
Non-clocked latch  
The latch RAM_reg[9][3] cannot be properly analyzed as its control pin RAM_reg[9][3]/G is not reached by a timing clock
Related violations: <none>

TIMING-20#125 Warning
Non-clocked latch  
The latch RAM_reg[9][4] cannot be properly analyzed as its control pin RAM_reg[9][4]/G is not reached by a timing clock
Related violations: <none>

TIMING-20#126 Warning
Non-clocked latch  
The latch RAM_reg[9][5] cannot be properly analyzed as its control pin RAM_reg[9][5]/G is not reached by a timing clock
Related violations: <none>

TIMING-20#127 Warning
Non-clocked latch  
The latch RAM_reg[9][6] cannot be properly analyzed as its control pin RAM_reg[9][6]/G is not reached by a timing clock
Related violations: <none>

TIMING-20#128 Warning
Non-clocked latch  
The latch RAM_reg[9][7] cannot be properly analyzed as its control pin RAM_reg[9][7]/G is not reached by a timing clock
Related violations: <none>


